Removed Pin From Net: NetName=GND Pin=P3-0
Removed Pin From Net: NetName=GND Pin=P3-0
Removed Pin From Net: NetName=GND Pin=P3-0
Removed Pin From Net: NetName=GND Pin=P3-0
Removed Pin From Net: NetName=GND Pin=P4-0
Removed Pin From Net: NetName=GND Pin=P4-0
Removed Pin From Net: NetName=GND Pin=P4-0
Removed Pin From Net: NetName=GND Pin=P4-0
Change Component DesignItemId : Designator=P3 Old DesignItemId=SMA2 New DesignItemId=UFL
Change Component DesignItemId : Designator=P4 Old DesignItemId=SMA2 New DesignItemId=UFL
Change Component Footprint: Designator=P3 Old Footprint=SMAL22 New Footprint=UFL
Change Component Footprint: Designator=P4 Old Footprint=SMAL22 New Footprint=UFL
Change Component Comment : Designator=P3 Old Comment=SMA2 New Comment=UFL
Change Component Comment : Designator=P4 Old Comment=SMA2 New Comment=UFL
Added Pin To Net: NetName=GND Pin=P3-2
Added Pin To Net: NetName=GND Pin=P3-2
Added Pin To Net: NetName=GND Pin=P3-2
Added Pin To Net: NetName=GND Pin=P4-2
Added Pin To Net: NetName=GND Pin=P4-2
Added Pin To Net: NetName=GND Pin=P4-2
