Removed Pin From Net: NetName=SERVO0 Pin=P6-1
Removed Pin From Net: NetName=SERVO1 Pin=P6-2
Removed Pin From Net: NetName=SERVO2 Pin=P6-3
Removed Pin From Net: NetName=SERVO3 Pin=P6-4
Removed Pin From Net: NetName=SERVO4 Pin=P6-5
Removed Pin From Net: NetName=SERVO5 Pin=P6-6
Removed Pin From Net: NetName=SERVO6 Pin=P6-7
Removed Pin From Net: NetName=SERVO7 Pin=P6-8
Removed Pin From Net: NetName=GND Pin=P6-9
Removed Pin From Net: NetName=SERVO8 Pin=P6-10
Removed Pin From Net: NetName=SERVO9 Pin=P6-11
Removed Pin From Net: NetName=SERVO10 Pin=P6-12
Removed Pin From Net: NetName=SERVO11 Pin=P6-13
Removed Pin From Net: NetName=SERVO12 Pin=P6-14
Removed Pin From Net: NetName=SERVO13 Pin=P6-15
Removed Pin From Net: NetName=GND Pin=P6-16
Removed Pin From Net: NetName=SERVO14 Pin=P6-17
Removed Pin From Net: NetName=SERVO15 Pin=P6-18
Removed Pin From Net: NetName=SERVO16 Pin=P6-19
Removed Pin From Net: NetName=SERVO17 Pin=P6-20
Removed Pin From Net: NetName=SERVO18 Pin=P6-21
Removed Pin From Net: NetName=SERVO19 Pin=P6-22
Removed Pin From Net: NetName=VSERVO Pin=P6-23
Removed Pin From Net: NetName=VSERVO Pin=P6-24
Added Pin To Net: NetName=VSERVO Pin=P6-1
Added Pin To Net: NetName=VSERVO Pin=P6-2
Added Pin To Net: NetName=SERVO0 Pin=P6-3
Added Pin To Net: NetName=SERVO1 Pin=P6-4
Added Pin To Net: NetName=SERVO2 Pin=P6-5
Added Pin To Net: NetName=SERVO3 Pin=P6-6
Added Pin To Net: NetName=SERVO4 Pin=P6-7
Added Pin To Net: NetName=SERVO5 Pin=P6-8
Added Pin To Net: NetName=SERVO6 Pin=P6-9
Added Pin To Net: NetName=SERVO7 Pin=P6-10
Added Pin To Net: NetName=GND Pin=P6-11
Added Pin To Net: NetName=SERVO8 Pin=P6-12
Added Pin To Net: NetName=SERVO9 Pin=P6-13
Added Pin To Net: NetName=SERVO10 Pin=P6-14
Added Pin To Net: NetName=SERVO11 Pin=P6-15
Added Pin To Net: NetName=SERVO12 Pin=P6-16
Added Pin To Net: NetName=SERVO13 Pin=P6-17
Added Pin To Net: NetName=GND Pin=P6-18
Added Pin To Net: NetName=SERVO14 Pin=P6-19
Added Pin To Net: NetName=SERVO15 Pin=P6-20
Added Pin To Net: NetName=SERVO16 Pin=P6-21
Added Pin To Net: NetName=SERVO17 Pin=P6-22
Added Pin To Net: NetName=SERVO18 Pin=P6-23
Added Pin To Net: NetName=SERVO19 Pin=P6-24
