Added Component: Designator=U21(SOT407-1 LPC1768)
Added Pin To Net: NetName=TDO Pin=U21-1
Added Pin To Net: NetName=TDI Pin=U21-2
Added Pin To Net: NetName=TMS Pin=U21-3
Added Pin To Net: NetName=\TRST Pin=U21-4
Added Pin To Net: NetName=TCK Pin=U21-5
Added Pin To Net: NetName=AOUT Pin=U21-6
Added Pin To Net: NetName=THERM Pin=U21-7
Added Pin To Net: NetName=PITOT Pin=U21-8
Added Pin To Net: NetName=BARO Pin=U21-9
Added Pin To Net: NetName=VDDA Pin=U21-10
Added Pin To Net: NetName=VSSA Pin=U21-11
Added Pin To Net: NetName=VREF+ Pin=U21-12
Added Pin To Net: NetName=\RSETOUT Pin=U21-14
Added Pin To Net: NetName=VREF- Pin=U21-15
Added Pin To Net: NetName=NetC50_2 Pin=U21-16
Added Pin To Net: NetName=\RESET Pin=U21-17
Added Pin To Net: NetName=NetC51_1 Pin=U21-18
Added Pin To Net: NetName=VBAT Pin=U21-19
Added Pin To Net: NetName=BATT_DIV Pin=U21-20
Added Pin To Net: NetName=VBUS Pin=U21-21
Added Pin To Net: NetName=NetC53_1 Pin=U21-22
Added Pin To Net: NetName=NetC52_2 Pin=U21-23
Added Pin To Net: NetName=SCL0 Pin=U21-24
Added Pin To Net: NetName=SDA0 Pin=U21-25
Added Pin To Net: NetName=3V3 Pin=U21-28
Added Pin To Net: NetName=DPLUS Pin=U21-29
Added Pin To Net: NetName=DMINUS Pin=U21-30
Added Pin To Net: NetName=GND Pin=U21-31
Added Pin To Net: NetName=LPC13_SCK0 Pin=U21-34
Added Pin To Net: NetName=LPC13_SSEL0 Pin=U21-35
Added Pin To Net: NetName=LPC13_MISO0 Pin=U21-36
Added Pin To Net: NetName=LPC13_MOSI0 Pin=U21-37
Added Pin To Net: NetName=GND Pin=U21-41
Added Pin To Net: NetName=3V3 Pin=U21-42
Added Pin To Net: NetName=TXD3 Pin=U21-46
Added Pin To Net: NetName=RXD3 Pin=U21-47
Added Pin To Net: NetName=SDA2 Pin=U21-48
Added Pin To Net: NetName=SCL2 Pin=U21-49
Added Pin To Net: NetName=HMC_DRDY Pin=U21-50
Added Pin To Net: NetName=GYRO_DRDY Pin=U21-51
Added Pin To Net: NetName=ACC_INT1 Pin=U21-52
Added Pin To Net: NetName=ISP17 Pin=U21-53
Added Pin To Net: NetName=3V3 Pin=U21-54
Added Pin To Net: NetName=GND Pin=U21-55
Added Pin To Net: NetName=TD1 Pin=U21-56
Added Pin To Net: NetName=RD1 Pin=U21-57
Added Pin To Net: NetName=SCL1 Pin=U21-58
Added Pin To Net: NetName=SDA1 Pin=U21-59
Added Pin To Net: NetName=MOSI Pin=U21-60
Added Pin To Net: NetName=MISO Pin=U21-61
Added Pin To Net: NetName=SCK Pin=U21-62
Added Pin To Net: NetName=SSEL Pin=U21-63
Added Pin To Net: NetName=RXD2 Pin=U21-64
Added Pin To Net: NetName=TXD2 Pin=U21-65
Added Pin To Net: NetName=\SD_CS Pin=U21-70
Added Pin To Net: NetName=3V3 Pin=U21-71
Added Pin To Net: NetName=GND Pin=U21-72
Added Pin To Net: NetName=\F_CS Pin=U21-73
Added Pin To Net: NetName=RXD1 Pin=U21-74
Added Pin To Net: NetName=TXD1 Pin=U21-75
Added Pin To Net: NetName=MOSI1 Pin=U21-76
Added Pin To Net: NetName=MISO1 Pin=U21-77
Added Pin To Net: NetName=SCK1 Pin=U21-78
Added Pin To Net: NetName=\SSEL1 Pin=U21-79
Added Pin To Net: NetName=TD2 Pin=U21-80
Added Pin To Net: NetName=RD2 Pin=U21-81
Added Pin To Net: NetName=TXD3 Pin=U21-82
Added Pin To Net: NetName=GND Pin=U21-83
Added Pin To Net: NetName=3V3 Pin=U21-84
Added Pin To Net: NetName=RXD3 Pin=U21-85
Added Pin To Net: NetName=\IMU_RESET Pin=U21-91
Added Pin To Net: NetName=IMU_DIO2 Pin=U21-92
Added Pin To Net: NetName=IMU_DIO1 Pin=U21-93
Added Pin To Net: NetName=GYRO_INT1 Pin=U21-94
Added Pin To Net: NetName=ACC_INT2 Pin=U21-95
Added Pin To Net: NetName=3V3 Pin=U21-96
Added Pin To Net: NetName=GND Pin=U21-97
Added Pin To Net: NetName=TXD0 Pin=U21-98
Added Pin To Net: NetName=RXD0 Pin=U21-99
Added Pin To Net: NetName=RTCK Pin=U21-100
Added Member To Class: ClassName=SensorDSC Member=Component U21 LPC1768
